2023-04-02 22:12:34.489612 - Initialized conversion of CBT147
2023-04-02 22:12:35.303922 - Received SBGOLOB.CBT505.FILE147 from FILE147.XMI 
2023-04-02 22:12:35.306311 - Found $$$#DATE.txt (text/plain) in SBGOLOB.CBT505.FILE147, moved to FILE147/$$$#DATE
2023-04-02 22:12:35.307421 - Found $$README.txt (text/plain) in SBGOLOB.CBT505.FILE147, moved to FILE147/$$README
2023-04-02 22:12:35.308403 - Found $ARCHDOC.txt (text/plain) in SBGOLOB.CBT505.FILE147, moved to FILE147/$ARCHDOC
2023-04-02 22:12:35.309733 - Found $ARCH370.txt (text/plain) in SBGOLOB.CBT505.FILE147, moved to FILE147/$ARCH370
2023-04-02 22:12:35.310794 - Found $CVDSORG.txt (text/plain) in SBGOLOB.CBT505.FILE147, moved to FILE147/$CVDSORG
2023-04-02 22:12:35.311780 - Found $CVRECFM.txt (text/plain) in SBGOLOB.CBT505.FILE147, moved to FILE147/$CVRECFM
2023-04-02 22:12:35.312946 - Found $INSTALL.txt (text/plain) in SBGOLOB.CBT505.FILE147, moved to FILE147/$INSTALL
2023-04-02 22:12:35.313996 - Found $INST37A.jcl (text/plain) in SBGOLOB.CBT505.FILE147, moved to FILE147/$INST37A
2023-04-02 22:12:35.314963 - Found $INST370.jcl (text/plain) in SBGOLOB.CBT505.FILE147, moved to FILE147/$INST370
2023-04-02 22:12:35.316018 - Found $PARSE.txt (text/plain) in SBGOLOB.CBT505.FILE147, moved to FILE147/$PARSE
2023-04-02 22:12:35.317035 - Found ##ARCHWK.txt (text/plain) in SBGOLOB.CBT505.FILE147, moved to FILE147/##ARCHWK
2023-04-02 22:12:35.318041 - Found #ADDBLK.txt (text/plain) in SBGOLOB.CBT505.FILE147, moved to FILE147/#ADDBLK
2023-04-02 22:12:35.319051 - Found #ARCBITS.txt (text/plain) in SBGOLOB.CBT505.FILE147, moved to FILE147/#ARCBITS
2023-04-02 22:12:35.320036 - Found #DSW.txt (text/plain) in SBGOLOB.CBT505.FILE147, moved to FILE147/#DSW
2023-04-02 22:12:35.321012 - Found #ERR.txt (text/plain) in SBGOLOB.CBT505.FILE147, moved to FILE147/#ERR
2023-04-02 22:12:35.321913 - Found #ERROR.txt (text/plain) in SBGOLOB.CBT505.FILE147, moved to FILE147/#ERROR
2023-04-02 22:12:35.322846 - Found #FINDSW.txt (text/plain) in SBGOLOB.CBT505.FILE147, moved to FILE147/#FINDSW
2023-04-02 22:12:35.323783 - Found #FORMAT.txt (text/plain) in SBGOLOB.CBT505.FILE147, moved to FILE147/#FORMAT
2023-04-02 22:12:35.324896 - Found #FREE.txt (text/plain) in SBGOLOB.CBT505.FILE147, moved to FILE147/#FREE
2023-04-02 22:12:35.325990 - Found #IF.txt (text/plain) in SBGOLOB.CBT505.FILE147, moved to FILE147/#IF
2023-04-02 22:12:35.327034 - Found #LR.txt (text/plain) in SBGOLOB.CBT505.FILE147, moved to FILE147/#LR
2023-04-02 22:12:35.328114 - Found #OP.txt (text/plain) in SBGOLOB.CBT505.FILE147, moved to FILE147/#OP
2023-04-02 22:12:35.329142 - Found #PUT.txt (text/plain) in SBGOLOB.CBT505.FILE147, moved to FILE147/#PUT
2023-04-02 22:12:35.330090 - Found #RECS.txt (text/plain) in SBGOLOB.CBT505.FILE147, moved to FILE147/#RECS
2023-04-02 22:12:35.331152 - Found #RESPEC.txt (text/plain) in SBGOLOB.CBT505.FILE147, moved to FILE147/#RESPEC
2023-04-02 22:12:35.332133 - Found #SDE.txt (text/plain) in SBGOLOB.CBT505.FILE147, moved to FILE147/#SDE
2023-04-02 22:12:35.333145 - Found #SET.txt (text/plain) in SBGOLOB.CBT505.FILE147, moved to FILE147/#SET
2023-04-02 22:12:35.334168 - Found #SETDEF.txt (text/plain) in SBGOLOB.CBT505.FILE147, moved to FILE147/#SETDEF
2023-04-02 22:12:35.335209 - Found #SETFLAG.txt (text/plain) in SBGOLOB.CBT505.FILE147, moved to FILE147/#SETFLAG
2023-04-02 22:12:35.336148 - Found #STAMP.txt (text/plain) in SBGOLOB.CBT505.FILE147, moved to FILE147/#STAMP
2023-04-02 22:12:35.337195 - Found #STOW.txt (text/plain) in SBGOLOB.CBT505.FILE147, moved to FILE147/#STOW
2023-04-02 22:12:35.338279 - Found #SWITCH.txt (text/plain) in SBGOLOB.CBT505.FILE147, moved to FILE147/#SWITCH
2023-04-02 22:12:35.339202 - Found #VSPRMS.txt (text/plain) in SBGOLOB.CBT505.FILE147, moved to FILE147/#VSPRMS
2023-04-02 22:12:35.340291 - Found @FILE147.txt (text/plain) in SBGOLOB.CBT505.FILE147, moved to FILE147/@FILE147
2023-04-02 22:12:35.341313 - Found AMATRACE.txt (text/plain) in SBGOLOB.CBT505.FILE147, moved to FILE147/AMATRACE
2023-04-02 22:12:35.342345 - Found ARCHALIS.txt (text/plain) in SBGOLOB.CBT505.FILE147, moved to FILE147/ARCHALIS
2023-04-02 22:12:35.343362 - Found ARCHALT.txt (text/plain) in SBGOLOB.CBT505.FILE147, moved to FILE147/ARCHALT
2023-04-02 22:12:35.344361 - Found ARCHCOMP.txt (text/plain) in SBGOLOB.CBT505.FILE147, moved to FILE147/ARCHCOMP
2023-04-02 22:12:35.345466 - Found ARCHCONV.txt (text/plain) in SBGOLOB.CBT505.FILE147, moved to FILE147/ARCHCONV
2023-04-02 22:12:35.346508 - Found ARCHCOPY.txt (text/plain) in SBGOLOB.CBT505.FILE147, moved to FILE147/ARCHCOPY
2023-04-02 22:12:35.347590 - Found ARCHDEL.txt (text/plain) in SBGOLOB.CBT505.FILE147, moved to FILE147/ARCHDEL
2023-04-02 22:12:35.348595 - Found ARCHDELC.txt (text/plain) in SBGOLOB.CBT505.FILE147, moved to FILE147/ARCHDELC
2023-04-02 22:12:35.349630 - Found ARCHDELD.txt (text/plain) in SBGOLOB.CBT505.FILE147, moved to FILE147/ARCHDELD
2023-04-02 22:12:35.350590 - Found ARCHDELE.txt (text/plain) in SBGOLOB.CBT505.FILE147, moved to FILE147/ARCHDELE
2023-04-02 22:12:35.351587 - Found ARCHDELF.txt (text/plain) in SBGOLOB.CBT505.FILE147, moved to FILE147/ARCHDELF
2023-04-02 22:12:35.352521 - Found ARCHDEL1.txt (text/plain) in SBGOLOB.CBT505.FILE147, moved to FILE147/ARCHDEL1
2023-04-02 22:12:35.353428 - Found ARCHDEL2.txt (text/plain) in SBGOLOB.CBT505.FILE147, moved to FILE147/ARCHDEL2
2023-04-02 22:12:35.354362 - Found ARCHDEL3.txt (text/plain) in SBGOLOB.CBT505.FILE147, moved to FILE147/ARCHDEL3
2023-04-02 22:12:35.355327 - Found ARCHDEL4.txt (text/plain) in SBGOLOB.CBT505.FILE147, moved to FILE147/ARCHDEL4
2023-04-02 22:12:35.356329 - Found ARCHDEL5.txt (text/plain) in SBGOLOB.CBT505.FILE147, moved to FILE147/ARCHDEL5
2023-04-02 22:12:35.357300 - Found ARCHDEL6.txt (text/plain) in SBGOLOB.CBT505.FILE147, moved to FILE147/ARCHDEL6
2023-04-02 22:12:35.358277 - Found ARCHDEL7.txt (text/plain) in SBGOLOB.CBT505.FILE147, moved to FILE147/ARCHDEL7
2023-04-02 22:12:35.359332 - Found ARCHDIR.txt (text/plain) in SBGOLOB.CBT505.FILE147, moved to FILE147/ARCHDIR
2023-04-02 22:12:35.360336 - Found ARCHERAS.txt (text/plain) in SBGOLOB.CBT505.FILE147, moved to FILE147/ARCHERAS
2023-04-02 22:12:35.361320 - Found ARCHERRM.txt (text/plain) in SBGOLOB.CBT505.FILE147, moved to FILE147/ARCHERRM
2023-04-02 22:12:35.362354 - Found ARCHEXPR.txt (text/plain) in SBGOLOB.CBT505.FILE147, moved to FILE147/ARCHEXPR
2023-04-02 22:12:35.363302 - Found ARCHFORM.txt (text/plain) in SBGOLOB.CBT505.FILE147, moved to FILE147/ARCHFORM
2023-04-02 22:12:35.364431 - Found ARCHIMPR.txt (text/plain) in SBGOLOB.CBT505.FILE147, moved to FILE147/ARCHIMPR
2023-04-02 22:12:35.365459 - Found ARCHINIT.txt (text/plain) in SBGOLOB.CBT505.FILE147, moved to FILE147/ARCHINIT
2023-04-02 22:12:35.367703 - De-xmi-ed ARCHIVE# to CBT147/docs/ARCHIVE#.pdf
2023-04-02 22:12:35.369907 - De-xmi-ed ARCHIVE@ to CBT147/docs/ARCHIVE@.docx
2023-04-02 22:12:35.370945 - Found ARCHKDCB.txt (text/plain) in SBGOLOB.CBT505.FILE147, moved to FILE147/ARCHKDCB
2023-04-02 22:12:35.371971 - Found ARCHKNAM.txt (text/plain) in SBGOLOB.CBT505.FILE147, moved to FILE147/ARCHKNAM
2023-04-02 22:12:35.372888 - Found ARCHLDT.txt (text/plain) in SBGOLOB.CBT505.FILE147, moved to FILE147/ARCHLDT
2023-04-02 22:12:35.373785 - Found ARCHLFTP.txt (text/plain) in SBGOLOB.CBT505.FILE147, moved to FILE147/ARCHLFTP
2023-04-02 22:12:35.374740 - Found ARCHLFVS.txt (text/plain) in SBGOLOB.CBT505.FILE147, moved to FILE147/ARCHLFVS
2023-04-02 22:12:35.375838 - Found ARCHLIST.txt (text/plain) in SBGOLOB.CBT505.FILE147, moved to FILE147/ARCHLIST
2023-04-02 22:12:35.376925 - Found ARCHLOAD.txt (text/plain) in SBGOLOB.CBT505.FILE147, moved to FILE147/ARCHLOAD
2023-04-02 22:12:35.377967 - Found ARCHLSTT.txt (text/plain) in SBGOLOB.CBT505.FILE147, moved to FILE147/ARCHLSTT
2023-04-02 22:12:35.379051 - Found ARCHMAIN.txt (text/plain) in SBGOLOB.CBT505.FILE147, moved to FILE147/ARCHMAIN
2023-04-02 22:12:35.380039 - Found ARCHMSGS.txt (text/plain) in SBGOLOB.CBT505.FILE147, moved to FILE147/ARCHMSGS
2023-04-02 22:12:35.381057 - Found ARCHNOTE.txt (text/plain) in SBGOLOB.CBT505.FILE147, moved to FILE147/ARCHNOTE
2023-04-02 22:12:35.382122 - Found ARCHPARS.txt (text/plain) in SBGOLOB.CBT505.FILE147, moved to FILE147/ARCHPARS
2023-04-02 22:12:35.383029 - Found ARCHPRSC.txt (text/plain) in SBGOLOB.CBT505.FILE147, moved to FILE147/ARCHPRSC
2023-04-02 22:12:35.383912 - Found ARCHRSPC.txt (text/plain) in SBGOLOB.CBT505.FILE147, moved to FILE147/ARCHRSPC
2023-04-02 22:12:35.384844 - Found ARCHTABS.txt (text/plain) in SBGOLOB.CBT505.FILE147, moved to FILE147/ARCHTABS
2023-04-02 22:12:35.385733 - Found ARCHUNLD.txt (text/plain) in SBGOLOB.CBT505.FILE147, moved to FILE147/ARCHUNLD
2023-04-02 22:12:35.386617 - Found ARCHVSOP.txt (text/plain) in SBGOLOB.CBT505.FILE147, moved to FILE147/ARCHVSOP
2023-04-02 22:12:35.387666 - Found A370INIT.txt (text/plain) in SBGOLOB.CBT505.FILE147, moved to FILE147/A370INIT
2023-04-02 22:12:35.388718 - Found CELLMAN.txt (text/plain) in SBGOLOB.CBT505.FILE147, moved to FILE147/CELLMAN
2023-04-02 22:12:35.389736 - Found COMPACT.txt (text/plain) in SBGOLOB.CBT505.FILE147, moved to FILE147/COMPACT
2023-04-02 22:12:35.390783 - Found DOTIME.txt (text/plain) in SBGOLOB.CBT505.FILE147, moved to FILE147/DOTIME
2023-04-02 22:12:35.391892 - Found DYNAM.txt (text/plain) in SBGOLOB.CBT505.FILE147, moved to FILE147/DYNAM
2023-04-02 22:12:35.392765 - Found EXPAND.txt (text/plain) in SBGOLOB.CBT505.FILE147, moved to FILE147/EXPAND
2023-04-02 22:12:35.393619 - Found EXPLODE.txt (text/plain) in SBGOLOB.CBT505.FILE147, moved to FILE147/EXPLODE
2023-04-02 22:12:35.394500 - Found FLO.txt (text/plain) in SBGOLOB.CBT505.FILE147, moved to FILE147/FLO
2023-04-02 22:12:35.395593 - Found IECSDSL1.txt (text/plain) in SBGOLOB.CBT505.FILE147, moved to FILE147/IECSDSL1
2023-04-02 22:12:35.396660 - Found IHAPDS.txt (text/plain) in SBGOLOB.CBT505.FILE147, moved to FILE147/IHAPDS
2023-04-02 22:12:35.416556 - Found LOADXMI.xmi (application/xmit) in SBGOLOB.CBT505.FILE147
2023-04-02 22:12:35.424800   - Received RECFM=U data, stored XMIT file as CBT147/LOADXMI.xmi
2023-04-02 22:12:35.444261 - Found LOADXMIM.xmi (application/xmit) in SBGOLOB.CBT505.FILE147
2023-04-02 22:12:35.454135   - Received RECFM=U data, stored XMIT file as CBT147/LOADXMIM.xmi
2023-04-02 22:12:35.455259 - Found LSRCH.txt (text/plain) in SBGOLOB.CBT505.FILE147, moved to FILE147/LSRCH
2023-04-02 22:12:35.456646 - Found RDEF.jcl (text/plain) in SBGOLOB.CBT505.FILE147, moved to FILE147/RDEF
2023-04-02 22:12:35.457899 - Found REASM.jcl (text/plain) in SBGOLOB.CBT505.FILE147, moved to FILE147/REASM
2023-04-02 22:12:35.459106 - Found RELINK.jcl (text/plain) in SBGOLOB.CBT505.FILE147, moved to FILE147/RELINK
2023-04-02 22:12:35.460166 - Found RELIST.jcl (text/plain) in SBGOLOB.CBT505.FILE147, moved to FILE147/RELIST
2023-04-02 22:12:35.461127 - Found RPARSE.txt (text/plain) in SBGOLOB.CBT505.FILE147, moved to FILE147/RPARSE
2023-04-02 22:12:35.462109 - Found SAMPLIB.txt (text/plain) in SBGOLOB.CBT505.FILE147, moved to FILE147/SAMPLIB
2023-04-02 22:12:35.463082 - Found WISHLIST.txt (text/plain) in SBGOLOB.CBT505.FILE147, moved to FILE147/WISHLIST
